<?xml version="1.0" encoding="UTF-8"?>
<testsuite name="io.dustin.apps.lederBoard.SimpleTest" tests="2" skipped="0" failures="0" errors="0" timestamp="2024-04-10T11:52:53" hostname="Giwoonui-MacBookPro.local" time="0.245">
  <properties/>
  <testcase name="inMemorySortPerformance()" classname="io.dustin.apps.lederBoard.SimpleTest" time="0.234"/>
  <testcase name="getRanks()" classname="io.dustin.apps.lederBoard.SimpleTest" time="0.01"/>
  <system-out><![CDATA[2024-04-10 20:52:53.924  INFO 14157 --- [    Test worker] .b.t.c.SpringBootTestContextBootstrapper : Neither @ContextConfiguration nor @ContextHierarchy found for test class [io.dustin.apps.lederBoard.SimpleTest], using SpringBootContextLoader
2024-04-10 20:52:53.924  INFO 14157 --- [    Test worker] o.s.t.c.support.AbstractContextLoader    : Could not detect default resource locations for test class [io.dustin.apps.lederBoard.SimpleTest]: no resource found for suffixes {-context.xml, Context.groovy}.
2024-04-10 20:52:53.924  INFO 14157 --- [    Test worker] t.c.s.AnnotationConfigContextLoaderUtils : Could not detect default configuration classes for test class [io.dustin.apps.lederBoard.SimpleTest]: SimpleTest does not declare any static, non-private, non-final, nested classes annotated with @Configuration.
2024-04-10 20:52:53.926  INFO 14157 --- [    Test worker] .b.t.c.SpringBootTestContextBootstrapper : Found @SpringBootConfiguration io.dustin.apps.DustinApplication for test class io.dustin.apps.lederBoard.SimpleTest
2024-04-10 20:52:53.927  INFO 14157 --- [    Test worker] .b.t.c.SpringBootTestContextBootstrapper : Loaded default TestExecutionListener class names from location [META-INF/spring.factories]: [org.springframework.boot.test.autoconfigure.restdocs.RestDocsTestExecutionListener, org.springframework.boot.test.autoconfigure.web.client.MockRestServiceServerResetTestExecutionListener, org.springframework.boot.test.autoconfigure.web.servlet.MockMvcPrintOnlyOnFailureTestExecutionListener, org.springframework.boot.test.autoconfigure.web.servlet.WebDriverTestExecutionListener, org.springframework.boot.test.autoconfigure.webservices.client.MockWebServiceServerTestExecutionListener, org.springframework.boot.test.mock.mockito.MockitoTestExecutionListener, org.springframework.boot.test.mock.mockito.ResetMocksTestExecutionListener, org.springframework.test.context.web.ServletTestExecutionListener, org.springframework.test.context.support.DirtiesContextBeforeModesTestExecutionListener, org.springframework.test.context.event.ApplicationEventsTestExecutionListener, org.springframework.test.context.support.DependencyInjectionTestExecutionListener, org.springframework.test.context.support.DirtiesContextTestExecutionListener, org.springframework.test.context.transaction.TransactionalTestExecutionListener, org.springframework.test.context.jdbc.SqlScriptsTestExecutionListener, org.springframework.test.context.event.EventPublishingTestExecutionListener]
2024-04-10 20:52:53.927  INFO 14157 --- [    Test worker] .b.t.c.SpringBootTestContextBootstrapper : Using TestExecutionListeners: [org.springframework.test.context.web.ServletTestExecutionListener@1f8d42d1, org.springframework.test.context.support.DirtiesContextBeforeModesTestExecutionListener@2e7e84f8, org.springframework.test.context.event.ApplicationEventsTestExecutionListener@22ab1b8a, org.springframework.boot.test.mock.mockito.MockitoTestExecutionListener@320770d7, org.springframework.boot.test.autoconfigure.SpringBootDependencyInjectionTestExecutionListener@4769378c, org.springframework.test.context.support.DirtiesContextTestExecutionListener@1d6a22dd, org.springframework.test.context.transaction.TransactionalTestExecutionListener@67671db1, org.springframework.test.context.jdbc.SqlScriptsTestExecutionListener@6e6f5842, org.springframework.test.context.event.EventPublishingTestExecutionListener@60b4c754, org.springframework.boot.test.autoconfigure.restdocs.RestDocsTestExecutionListener@2c846d55, org.springframework.boot.test.autoconfigure.web.client.MockRestServiceServerResetTestExecutionListener@735167e1, org.springframework.boot.test.autoconfigure.web.servlet.MockMvcPrintOnlyOnFailureTestExecutionListener@67689c81, org.springframework.boot.test.autoconfigure.web.servlet.WebDriverTestExecutionListener@21a0795f, org.springframework.boot.test.autoconfigure.webservices.client.MockWebServiceServerTestExecutionListener@2ec156fb, org.springframework.boot.test.mock.mockito.ResetMocksTestExecutionListener@56d742ad]
206 ms
Rank(356744) - Took 1 ms
Range - Took 0 ms
]]></system-out>
  <system-err><![CDATA[]]></system-err>
</testsuite>
