<?xml version="1.0" encoding="UTF-8"?>
<testsuite name="io.dustin.apps.DustinApplicationTests" tests="1" skipped="0" failures="0" errors="0" timestamp="2024-04-10T11:52:53" hostname="Giwoonui-MacBookPro.local" time="0.121">
  <properties/>
  <testcase name="contextLoads()" classname="io.dustin.apps.DustinApplicationTests" time="0.121"/>
  <system-out><![CDATA[20:52:52.813 [Test worker] DEBUG org.springframework.test.context.BootstrapUtils - Instantiating CacheAwareContextLoaderDelegate from class [org.springframework.test.context.cache.DefaultCacheAwareContextLoaderDelegate]
20:52:52.816 [Test worker] DEBUG org.springframework.test.context.BootstrapUtils - Instantiating BootstrapContext using constructor [public org.springframework.test.context.support.DefaultBootstrapContext(java.lang.Class,org.springframework.test.context.CacheAwareContextLoaderDelegate)]
20:52:52.827 [Test worker] DEBUG org.springframework.test.context.BootstrapUtils - Instantiating TestContextBootstrapper for test class [io.dustin.apps.DustinApplicationTests] from class [org.springframework.boot.test.context.SpringBootTestContextBootstrapper]
20:52:52.829 [Test worker] INFO org.springframework.boot.test.context.SpringBootTestContextBootstrapper - Neither @ContextConfiguration nor @ContextHierarchy found for test class [io.dustin.apps.DustinApplicationTests], using SpringBootContextLoader
20:52:52.830 [Test worker] DEBUG org.springframework.test.context.support.AbstractContextLoader - Did not detect default resource location for test class [io.dustin.apps.DustinApplicationTests]: class path resource [io/dustin/apps/DustinApplicationTests-context.xml] does not exist
20:52:52.831 [Test worker] DEBUG org.springframework.test.context.support.AbstractContextLoader - Did not detect default resource location for test class [io.dustin.apps.DustinApplicationTests]: class path resource [io/dustin/apps/DustinApplicationTestsContext.groovy] does not exist
20:52:52.831 [Test worker] INFO org.springframework.test.context.support.AbstractContextLoader - Could not detect default resource locations for test class [io.dustin.apps.DustinApplicationTests]: no resource found for suffixes {-context.xml, Context.groovy}.
20:52:52.831 [Test worker] INFO org.springframework.test.context.support.AnnotationConfigContextLoaderUtils - Could not detect default configuration classes for test class [io.dustin.apps.DustinApplicationTests]: DustinApplicationTests does not declare any static, non-private, non-final, nested classes annotated with @Configuration.
20:52:52.842 [Test worker] DEBUG org.springframework.test.context.support.ActiveProfilesUtils - Could not find an 'annotation declaring class' for annotation type [org.springframework.test.context.ActiveProfiles] and class [io.dustin.apps.DustinApplicationTests]
20:52:52.860 [Test worker] DEBUG org.springframework.context.annotation.ClassPathScanningCandidateComponentProvider - Identified candidate component class: file [/Users/dustin/Desktop/common/traffic/Dustin/build/classes/java/main/io/dustin/apps/DustinApplication.class]
20:52:52.860 [Test worker] INFO org.springframework.boot.test.context.SpringBootTestContextBootstrapper - Found @SpringBootConfiguration io.dustin.apps.DustinApplication for test class io.dustin.apps.DustinApplicationTests
20:52:52.882 [Test worker] DEBUG org.springframework.boot.test.context.SpringBootTestContextBootstrapper - @TestExecutionListeners is not present for class [io.dustin.apps.DustinApplicationTests]: using defaults.
20:52:52.882 [Test worker] INFO org.springframework.boot.test.context.SpringBootTestContextBootstrapper - Loaded default TestExecutionListener class names from location [META-INF/spring.factories]: [org.springframework.boot.test.autoconfigure.restdocs.RestDocsTestExecutionListener, org.springframework.boot.test.autoconfigure.web.client.MockRestServiceServerResetTestExecutionListener, org.springframework.boot.test.autoconfigure.web.servlet.MockMvcPrintOnlyOnFailureTestExecutionListener, org.springframework.boot.test.autoconfigure.web.servlet.WebDriverTestExecutionListener, org.springframework.boot.test.autoconfigure.webservices.client.MockWebServiceServerTestExecutionListener, org.springframework.boot.test.mock.mockito.MockitoTestExecutionListener, org.springframework.boot.test.mock.mockito.ResetMocksTestExecutionListener, org.springframework.test.context.web.ServletTestExecutionListener, org.springframework.test.context.support.DirtiesContextBeforeModesTestExecutionListener, org.springframework.test.context.event.ApplicationEventsTestExecutionListener, org.springframework.test.context.support.DependencyInjectionTestExecutionListener, org.springframework.test.context.support.DirtiesContextTestExecutionListener, org.springframework.test.context.transaction.TransactionalTestExecutionListener, org.springframework.test.context.jdbc.SqlScriptsTestExecutionListener, org.springframework.test.context.event.EventPublishingTestExecutionListener]
20:52:52.887 [Test worker] INFO org.springframework.boot.test.context.SpringBootTestContextBootstrapper - Using TestExecutionListeners: [org.springframework.test.context.web.ServletTestExecutionListener@3dddefd8, org.springframework.test.context.support.DirtiesContextBeforeModesTestExecutionListener@160ac7fb, org.springframework.test.context.event.ApplicationEventsTestExecutionListener@12bfd80d, org.springframework.boot.test.mock.mockito.MockitoTestExecutionListener@41925502, org.springframework.boot.test.autoconfigure.SpringBootDependencyInjectionTestExecutionListener@13e3c1c7, org.springframework.test.context.support.DirtiesContextTestExecutionListener@5316e95f, org.springframework.test.context.transaction.TransactionalTestExecutionListener@3f053c80, org.springframework.test.context.jdbc.SqlScriptsTestExecutionListener@6c6c5427, org.springframework.test.context.event.EventPublishingTestExecutionListener@618c5d94, org.springframework.boot.test.autoconfigure.restdocs.RestDocsTestExecutionListener@5b40ceb, org.springframework.boot.test.autoconfigure.web.client.MockRestServiceServerResetTestExecutionListener@13c3c1e1, org.springframework.boot.test.autoconfigure.web.servlet.MockMvcPrintOnlyOnFailureTestExecutionListener@1d8062d2, org.springframework.boot.test.autoconfigure.web.servlet.WebDriverTestExecutionListener@1e63ec0b, org.springframework.boot.test.autoconfigure.webservices.client.MockWebServiceServerTestExecutionListener@3b956878, org.springframework.boot.test.mock.mockito.ResetMocksTestExecutionListener@36546a22]
20:52:52.888 [Test worker] DEBUG org.springframework.test.context.support.AbstractDirtiesContextTestExecutionListener - Before test class: context [DefaultTestContext@654d8173 testClass = DustinApplicationTests, testInstance = [null], testMethod = [null], testException = [null], mergedContextConfiguration = [WebMergedContextConfiguration@56c9bbd8 testClass = DustinApplicationTests, locations = '{}', classes = '{class io.dustin.apps.DustinApplication}', contextInitializerClasses = '[]', activeProfiles = '{}', propertySourceLocations = '{}', propertySourceProperties = '{org.springframework.boot.test.context.SpringBootTestContextBootstrapper=true}', contextCustomizers = set[org.springframework.boot.test.autoconfigure.actuate.metrics.MetricsExportContextCustomizerFactory$DisableMetricExportContextCustomizer@181e731e, org.springframework.boot.test.autoconfigure.properties.PropertyMappingContextCustomizer@0, org.springframework.boot.test.autoconfigure.web.servlet.WebDriverContextCustomizerFactory$Customizer@327bcebd, org.springframework.boot.test.context.filter.ExcludeFilterContextCustomizer@1339e7aa, org.springframework.boot.test.json.DuplicateJsonObjectContextCustomizerFactory$DuplicateJsonObjectContextCustomizer@12359a82, org.springframework.boot.test.mock.mockito.MockitoContextCustomizer@0, org.springframework.boot.test.web.client.TestRestTemplateContextCustomizer@132e0cc, org.springframework.boot.test.context.SpringBootTestArgs@1, org.springframework.boot.test.context.SpringBootTestWebEnvironment@4e3958e7], resourceBasePath = 'src/main/webapp', contextLoader = 'org.springframework.boot.test.context.SpringBootContextLoader', parent = [null]], attributes = map['org.springframework.test.context.web.ServletTestExecutionListener.activateListener' -> true]], class annotated with @DirtiesContext [false] with mode [null].

  .   ____          _            __ _ _
 /\\ / ___'_ __ _ _(_)_ __  __ _ \ \ \ \
( ( )\___ | '_ | '_| | '_ \/ _` | \ \ \ \
 \\/  ___)| |_)| | | | | || (_| |  ) ) ) )
  '  |____| .__|_| |_|_| |_\__, | / / / /
 =========|_|==============|___/=/_/_/_/
 :: Spring Boot ::                (v2.7.5)

2024-04-10 20:52:52.981  INFO 14157 --- [    Test worker] io.dustin.apps.DustinApplicationTests    : Starting DustinApplicationTests using Java 18.0.2 on Giwoonui-MacBookPro.local with PID 14157 (started by dustin in /Users/dustin/Desktop/common/traffic/Dustin)
2024-04-10 20:52:52.981  INFO 14157 --- [    Test worker] io.dustin.apps.DustinApplicationTests    : No active profile set, falling back to 1 default profile: "default"
2024-04-10 20:52:53.152  INFO 14157 --- [    Test worker] .s.d.r.c.RepositoryConfigurationDelegate : Multiple Spring Data modules found, entering strict repository configuration mode
2024-04-10 20:52:53.153  INFO 14157 --- [    Test worker] .s.d.r.c.RepositoryConfigurationDelegate : Bootstrapping Spring Data Redis repositories in DEFAULT mode.
2024-04-10 20:52:53.159  INFO 14157 --- [    Test worker] .s.d.r.c.RepositoryConfigurationDelegate : Finished Spring Data repository scanning in 2 ms. Found 0 Redis repository interfaces.
2024-04-10 20:52:53.787  INFO 14157 --- [    Test worker] s.a.ScheduledAnnotationBeanPostProcessor : No TaskScheduler/ScheduledExecutorService bean found for scheduled processing
2024-04-10 20:52:53.789  INFO 14157 --- [    Test worker] io.dustin.apps.DustinApplicationTests    : Started DustinApplicationTests in 0.89 seconds (JVM running for 1.202)
Application started
]]></system-out>
  <system-err><![CDATA[]]></system-err>
</testsuite>
